<?xml version="1.0" encoding="UTF-8"?>
<!-- Generated by org.testng.reporters.JUnitXMLReporter -->
<testsuite ignored="0" hostname="DESKTOP-T4MFR2V" failures="0" tests="9" name="Default test" time="71.157" errors="0" timestamp="03 May 2023 09:59:24 GMT">
  <testcase classname="TestNGFramwork.TestNGSevenPm.MultipleInputs" name="googlePage" time="8.759"/>
  <testcase classname="TestNGFramwork.TestNGSevenPm.MultipleInputs" name="googlePage" time="6.795"/>
  <testcase classname="TestNGFramwork.TestNGSevenPm.MultipleInputs" name="googlePage" time="8.044"/>
  <testcase classname="TestNGFramwork.TestNGSevenPm.MultipleInputs" name="googlePage" time="6.227"/>
  <testcase classname="TestNGFramwork.TestNGSevenPm.MultipleInputs" name="googlePage" time="8.162"/>
  <testcase classname="TestNGFramwork.TestNGSevenPm.MultipleInputs" name="googlePage" time="7.887"/>
  <testcase classname="TestNGFramwork.TestNGSevenPm.MultipleInputs" name="googlePage" time="7.284"/>
  <testcase classname="TestNGFramwork.TestNGSevenPm.MultipleInputs" name="googlePage" time="7.443"/>
  <testcase classname="TestNGFramwork.TestNGSevenPm.MultipleInputs" name="googlePage" time="10.475"/>
</testsuite> <!-- Default test -->
