<?xml version="1.0" encoding="UTF-8"?>
<!-- Generated by org.testng.reporters.JUnitXMLReporter -->
<testsuite ignored="0" hostname="DESKTOP-T4MFR2V" failures="1" tests="2" name="Test" time="0.071" errors="0" timestamp="24 Apr 2023 13:58:52 GMT">
  <testcase classname="TestNGFramwork.TestNGSevenPm.TestCases" name="testCase_TC001" time="0.027"/>
  <testcase classname="TestNGFramwork.TestNGSevenPm.TestCases" name="testCase_TC002" time="0.007">
    <failure type="java.lang.AssertionError" message="expected [false] but found [true]">
      <![CDATA[java.lang.AssertionError: expected [false] but found [true]
at TestNGFramwork.TestNGSevenPm.TestCases.testCase_TC002(TestCases.java:22)
... Removed 29 stack frames]]>
    </failure>
  </testcase> <!-- testCase_TC002 -->
</testsuite> <!-- Test -->
