<?xml version="1.0" encoding="UTF-8"?>
<!-- Generated by org.testng.reporters.JUnitXMLReporter -->
<testsuite ignored="0" hostname="DESKTOP-T4MFR2V" failures="0" tests="25" name="Demo - Test - Run" time="11.965" errors="0" timestamp="24 Apr 2023 14:04:08 GMT">
  <testcase classname="TestNGFramwork.TestNGSevenPm.Dummy" name="testDummy" time="0.013"/>
  <testcase classname="TestNGFramwork.TestNGSevenPm.AnnotationsPractice" name="testCase_TC001" time="0.02"/>
  <testcase classname="TestNGFramwork.TestNGSevenPm.DayOne" name="demoMethod" time="0.04"/>
  <testcase classname="TestNGFramwork.TestNGSevenPm.DayOne" name="demoMethod" time="0.004"/>
  <testcase classname="TestNGFramwork.TestNGSevenPm.DayOne" name="demoMethod" time="0.006"/>
  <testcase classname="TestNGFramwork.TestNGSevenPm.DayOne" name="demoMethod" time="0.006"/>
  <testcase classname="TestNGFramwork.TestNGSevenPm.AnnotationsPractice" name="testCase_TC002" time="0.004"/>
  <testcase classname="TestNGFramwork.TestNGSevenPm.DayOne" name="demoMethod" time="0.001"/>
  <testcase classname="TestNGFramwork.TestNGSevenPm.DayOne" name="demoMethod" time="0.003"/>
  <testcase classname="TestNGFramwork.TestNGSevenPm.DayOne" name="demoMethod" time="0.002"/>
  <testcase classname="TestNGFramwork.TestNGSevenPm.DayOne" name="demoMethod" time="0.003"/>
  <testcase classname="TestNGFramwork.TestNGSevenPm.DayOne" name="demoMethod" time="0.008"/>
  <testcase classname="TestNGFramwork.TestNGSevenPm.AnnotationsPractice" name="testCase_TC003" time="0.068"/>
  <testcase classname="TestNGFramwork.TestNGSevenPm.DayOne" name="demoMethod" time="0.01"/>
  <testcase classname="TestNGFramwork.TestNGSevenPm.DayOne" name="method2" time="0.004"/>
  <testcase classname="TestNGFramwork.TestNGSevenPm.DayOne" name="method3" time="0.006"/>
  <testcase classname="TestNGFramwork.TestNGSevenPm.SeleniumAnnotationsDemo" name="invalidUsernameAndValidPassword" time="0.238"/>
  <testcase classname="TestNGFramwork.TestNGSevenPm.SeleniumAnnotationsDemo" name="validUsernameAndInValidPassword" time="0.242"/>
  <testcase classname="TestNGFramwork.TestNGSevenPm.SeleniumAnnotationsDemo" name="validUsernameAndValidPassword" time="0.271"/>
  <testcase classname="TestNGFramwork.TestNGSevenPm.PrioritizingTheTestCases" name="browserLaunch" time="0.01"/>
  <testcase classname="TestNGFramwork.TestNGSevenPm.PrioritizingTheTestCases" name="loginButton" time="0.002"/>
  <testcase classname="TestNGFramwork.TestNGSevenPm.PrioritizingTheTestCases" name="loginCredentials" time="0.001"/>
  <testcase classname="TestNGFramwork.TestNGSevenPm.PrioritizingTheTestCases" name="teardown" time="0.006"/>
  <testcase classname="TestNGFramwork.TestNGSevenPm.PrioritizingTheTestCases" name="urlAddress" time="0.02"/>
  <testcase classname="TestNGFramwork.TestNGSevenPm.PrioritizingTheTestCases" name="verifyingTheLogin" time="0.004"/>
</testsuite> <!-- Demo - Test - Run -->
